android/app/build/intermediates/manifest_merge_blame_file/debug/manifest-merger-blame-debug-report.txt
1<?xml version="1.0" encoding="utf-8"?>
2<manifest xmlns:android="http://schemas.android.com/apk/res/android"
3    package="com.voozoo"
4    android:versionCode="1"
5    android:versionName="1.0" >
6
7    <uses-sdk
8        android:minSdkVersion="16"
9        android:targetSdkVersion="29" />
10
11    <uses-permission android:name="android.permission.SYSTEM_ALERT_WINDOW" />
11-->src\debug\AndroidManifest.xml:5:5-77
11-->src\debug\AndroidManifest.xml:5:22-75
12    <uses-permission android:name="android.permission.INTERNET" />
12-->src\main\AndroidManifest.xml:4:5-67
12-->src\main\AndroidManifest.xml:4:22-64
13    <uses-permission android:name="android.permission.ACCESS_WIFI_STATE" />
13-->[com.facebook.flipper:flipper:0.54.0] AndroidManifest.xml:16:5-76
13-->[com.facebook.flipper:flipper:0.54.0] AndroidManifest.xml:16:22-73
14    <uses-permission android:name="android.permission.WAKE_LOCK" />
14-->[:react-native-firebase] AndroidManifest.xml:12:5-68
14-->[:react-native-firebase] AndroidManifest.xml:12:22-65
15    <uses-permission android:name="android.permission.ACCESS_NETWORK_STATE" />
15-->[:react-native-firebase] AndroidManifest.xml:13:5-79
15-->[:react-native-firebase] AndroidManifest.xml:13:22-76
16    <uses-permission android:name="android.permission.WRITE_EXTERNAL_STORAGE" /> <!-- Required by older versions of Google Play services to create IID tokens -->
16-->[:react-native-share] AndroidManifest.xml:9:5-81
16-->[:react-native-share] AndroidManifest.xml:9:22-78
17    <uses-permission android:name="com.google.android.c2dm.permission.RECEIVE" /> <!-- for android -->
17-->[com.google.firebase:firebase-iid:20.3.0] AndroidManifest.xml:26:5-82
17-->[com.google.firebase:firebase-iid:20.3.0] AndroidManifest.xml:26:22-79
18    <!-- <uses-permission android:name="com.android.launcher.permission.READ_SETTINGS"/> -->
19    <!-- <uses-permission android:name="com.android.launcher.permission.WRITE_SETTINGS"/> -->
20    <!-- <uses-permission android:name="com.android.launcher.permission.INSTALL_SHORTCUT" /> -->
21    <!-- <uses-permission android:name="com.android.launcher.permission.UNINSTALL_SHORTCUT" /> -->
22    <!-- for Samsung -->
23    <uses-permission android:name="com.sec.android.provider.badge.permission.READ" />
23-->[me.leolin:ShortcutBadger:1.1.22] AndroidManifest.xml:19:5-86
23-->[me.leolin:ShortcutBadger:1.1.22] AndroidManifest.xml:19:22-83
24    <uses-permission android:name="com.sec.android.provider.badge.permission.WRITE" /> <!-- for htc -->
24-->[me.leolin:ShortcutBadger:1.1.22] AndroidManifest.xml:20:5-87
24-->[me.leolin:ShortcutBadger:1.1.22] AndroidManifest.xml:20:22-84
25    <uses-permission android:name="com.htc.launcher.permission.READ_SETTINGS" />
25-->[me.leolin:ShortcutBadger:1.1.22] AndroidManifest.xml:23:5-81
25-->[me.leolin:ShortcutBadger:1.1.22] AndroidManifest.xml:23:22-78
26    <uses-permission android:name="com.htc.launcher.permission.UPDATE_SHORTCUT" /> <!-- for sony -->
26-->[me.leolin:ShortcutBadger:1.1.22] AndroidManifest.xml:24:5-83
26-->[me.leolin:ShortcutBadger:1.1.22] AndroidManifest.xml:24:22-80
27    <uses-permission android:name="com.sonyericsson.home.permission.BROADCAST_BADGE" />
27-->[me.leolin:ShortcutBadger:1.1.22] AndroidManifest.xml:27:5-88
27-->[me.leolin:ShortcutBadger:1.1.22] AndroidManifest.xml:27:22-85
28    <uses-permission android:name="com.sonymobile.home.permission.PROVIDER_INSERT_BADGE" /> <!-- for apex -->
28-->[me.leolin:ShortcutBadger:1.1.22] AndroidManifest.xml:28:5-92
28-->[me.leolin:ShortcutBadger:1.1.22] AndroidManifest.xml:28:22-89
29    <uses-permission android:name="com.anddoes.launcher.permission.UPDATE_COUNT" /> <!-- for solid -->
29-->[me.leolin:ShortcutBadger:1.1.22] AndroidManifest.xml:31:5-84
29-->[me.leolin:ShortcutBadger:1.1.22] AndroidManifest.xml:31:22-81
30    <uses-permission android:name="com.majeur.launcher.permission.UPDATE_BADGE" /> <!-- for huawei -->
30-->[me.leolin:ShortcutBadger:1.1.22] AndroidManifest.xml:34:5-83
30-->[me.leolin:ShortcutBadger:1.1.22] AndroidManifest.xml:34:22-80
31    <uses-permission android:name="com.huawei.android.launcher.permission.CHANGE_BADGE" />
31-->[me.leolin:ShortcutBadger:1.1.22] AndroidManifest.xml:37:5-91
31-->[me.leolin:ShortcutBadger:1.1.22] AndroidManifest.xml:37:22-88
32    <uses-permission android:name="com.huawei.android.launcher.permission.READ_SETTINGS" />
32-->[me.leolin:ShortcutBadger:1.1.22] AndroidManifest.xml:38:5-92
32-->[me.leolin:ShortcutBadger:1.1.22] AndroidManifest.xml:38:22-89
33    <uses-permission android:name="com.huawei.android.launcher.permission.WRITE_SETTINGS" /> <!-- for ZUK -->
33-->[me.leolin:ShortcutBadger:1.1.22] AndroidManifest.xml:39:5-93
33-->[me.leolin:ShortcutBadger:1.1.22] AndroidManifest.xml:39:22-90
34    <uses-permission android:name="android.permission.READ_APP_BADGE" /> <!-- for OPPO -->
34-->[me.leolin:ShortcutBadger:1.1.22] AndroidManifest.xml:42:5-73
34-->[me.leolin:ShortcutBadger:1.1.22] AndroidManifest.xml:42:22-70
35    <uses-permission android:name="com.oppo.launcher.permission.READ_SETTINGS" />
35-->[me.leolin:ShortcutBadger:1.1.22] AndroidManifest.xml:45:5-82
35-->[me.leolin:ShortcutBadger:1.1.22] AndroidManifest.xml:45:22-79
36    <uses-permission android:name="com.oppo.launcher.permission.WRITE_SETTINGS" /> <!-- for EvMe -->
36-->[me.leolin:ShortcutBadger:1.1.22] AndroidManifest.xml:46:5-83
36-->[me.leolin:ShortcutBadger:1.1.22] AndroidManifest.xml:46:22-80
37    <uses-permission android:name="me.everything.badger.permission.BADGE_COUNT_READ" />
37-->[me.leolin:ShortcutBadger:1.1.22] AndroidManifest.xml:49:5-88
37-->[me.leolin:ShortcutBadger:1.1.22] AndroidManifest.xml:49:22-85
38    <uses-permission android:name="me.everything.badger.permission.BADGE_COUNT_WRITE" />
38-->[me.leolin:ShortcutBadger:1.1.22] AndroidManifest.xml:50:5-89
38-->[me.leolin:ShortcutBadger:1.1.22] AndroidManifest.xml:50:22-86
39
40    <application
40-->src\main\AndroidManifest.xml:6:5-25:19
41        android:name="com.voozoo.MainApplication"
41-->src\main\AndroidManifest.xml:7:7-38
42        android:allowBackup="false"
42-->src\main\AndroidManifest.xml:11:7-34
43        android:appComponentFactory="androidx.core.app.CoreComponentFactory"
43-->[androidx.core:core:1.1.0] AndroidManifest.xml:24:18-86
44        android:debuggable="true"
45        android:icon="@mipmap/ic_launcher"
45-->src\main\AndroidManifest.xml:9:7-41
46        android:label="@string/app_name"
46-->src\main\AndroidManifest.xml:8:7-39
47        android:roundIcon="@mipmap/ic_launcher_round"
47-->src\main\AndroidManifest.xml:10:7-52
48        android:theme="@style/AppTheme"
48-->src\main\AndroidManifest.xml:12:7-38
49        android:usesCleartextTraffic="true" >
49-->src\debug\AndroidManifest.xml:7:18-53
50        <activity
50-->src\main\AndroidManifest.xml:13:7-23:18
51            android:name="com.voozoo.MainActivity"
51-->src\main\AndroidManifest.xml:14:9-37
52            android:configChanges="keyboard|keyboardHidden|orientation|screenSize|uiMode"
52-->src\main\AndroidManifest.xml:16:9-86
53            android:label="@string/app_name"
53-->src\main\AndroidManifest.xml:15:9-41
54            android:launchMode="singleTask"
54-->src\main\AndroidManifest.xml:17:9-40
55            android:windowSoftInputMode="adjustResize" >
55-->src\main\AndroidManifest.xml:18:9-51
56            <intent-filter>
56-->src\main\AndroidManifest.xml:19:9-22:25
57                <action android:name="android.intent.action.MAIN" />
57-->src\main\AndroidManifest.xml:20:13-65
57-->src\main\AndroidManifest.xml:20:21-62
58
59                <category android:name="android.intent.category.LAUNCHER" />
59-->src\main\AndroidManifest.xml:21:13-73
59-->src\main\AndroidManifest.xml:21:23-70
60            </intent-filter>
61        </activity>
62        <activity android:name="com.facebook.react.devsupport.DevSettingsActivity" />
62-->src\main\AndroidManifest.xml:24:7-84
62-->src\main\AndroidManifest.xml:24:17-81
63
64        <service
64-->[:react-native-firebase] AndroidManifest.xml:16:9-20:19
65            android:name="com.google.firebase.components.ComponentDiscoveryService"
65-->[:react-native-firebase] AndroidManifest.xml:16:18-89
66            android:directBootAware="true"
66-->[com.google.firebase:firebase-common:19.3.0] AndroidManifest.xml:34:13-43
67            android:exported="false" >
67-->[com.google.firebase:firebase-messaging:20.3.0] AndroidManifest.xml:38:13-37
68            <meta-data
68-->[:react-native-firebase] AndroidManifest.xml:17:13-19:85
69                android:name="com.google.firebase.components:io.invertase.firebase.ReactNativeFirebaseAppRegistrar"
69-->[:react-native-firebase] AndroidManifest.xml:18:17-116
70                android:value="com.google.firebase.components.ComponentRegistrar" />
70-->[:react-native-firebase] AndroidManifest.xml:19:17-82
71            <meta-data
71-->[com.google.firebase:firebase-messaging:20.3.0] AndroidManifest.xml:39:13-41:85
72                android:name="com.google.firebase.components:com.google.firebase.messaging.FirebaseMessagingRegistrar"
72-->[com.google.firebase:firebase-messaging:20.3.0] AndroidManifest.xml:40:17-119
73                android:value="com.google.firebase.components.ComponentRegistrar" />
73-->[com.google.firebase:firebase-messaging:20.3.0] AndroidManifest.xml:41:17-82
74            <meta-data
74-->[com.google.firebase:firebase-datatransport:17.0.3] AndroidManifest.xml:28:13-30:85
75                android:name="com.google.firebase.components:com.google.firebase.datatransport.TransportRegistrar"
75-->[com.google.firebase:firebase-datatransport:17.0.3] AndroidManifest.xml:29:17-115
76                android:value="com.google.firebase.components.ComponentRegistrar" />
76-->[com.google.firebase:firebase-datatransport:17.0.3] AndroidManifest.xml:30:17-82
77            <meta-data
77-->[com.google.firebase:firebase-iid:20.3.0] AndroidManifest.xml:32:13-34:85
78                android:name="com.google.firebase.components:com.google.firebase.iid.Registrar"
78-->[com.google.firebase:firebase-iid:20.3.0] AndroidManifest.xml:33:17-96
79                android:value="com.google.firebase.components.ComponentRegistrar" />
79-->[com.google.firebase:firebase-iid:20.3.0] AndroidManifest.xml:34:17-82
80            <meta-data
80-->[com.google.firebase:firebase-installations:16.3.3] AndroidManifest.xml:17:13-19:85
81                android:name="com.google.firebase.components:com.google.firebase.installations.FirebaseInstallationsRegistrar"
81-->[com.google.firebase:firebase-installations:16.3.3] AndroidManifest.xml:18:17-127
82                android:value="com.google.firebase.components.ComponentRegistrar" />
82-->[com.google.firebase:firebase-installations:16.3.3] AndroidManifest.xml:19:17-82
83        </service>
84
85        <provider
85-->[:react-native-image-picker] AndroidManifest.xml:10:9-18:20
86            android:name="com.imagepicker.FileProvider"
86-->[:react-native-image-picker] AndroidManifest.xml:11:13-56
87            android:authorities="com.voozoo.provider"
87-->[:react-native-image-picker] AndroidManifest.xml:12:13-60
88            android:exported="false"
88-->[:react-native-image-picker] AndroidManifest.xml:13:13-37
89            android:grantUriPermissions="true" >
89-->[:react-native-image-picker] AndroidManifest.xml:14:13-47
90            <meta-data
90-->[:react-native-image-picker] AndroidManifest.xml:15:13-17:58
91                android:name="android.support.FILE_PROVIDER_PATHS"
91-->[:react-native-image-picker] AndroidManifest.xml:16:17-67
92                android:resource="@xml/provider_paths" />
92-->[:react-native-image-picker] AndroidManifest.xml:17:17-55
93        </provider>
94        <provider
94-->[:react-native-share] AndroidManifest.xml:12:9-20:20
95            android:name="cl.json.RNShareFileProvider"
95-->[:react-native-share] AndroidManifest.xml:13:13-55
96            android:authorities="com.voozoo.rnshare.fileprovider"
96-->[:react-native-share] AndroidManifest.xml:14:13-72
97            android:exported="false"
97-->[:react-native-share] AndroidManifest.xml:15:13-37
98            android:grantUriPermissions="true" >
98-->[:react-native-share] AndroidManifest.xml:16:13-47
99            <meta-data
99-->[:react-native-image-picker] AndroidManifest.xml:15:13-17:58
100                android:name="android.support.FILE_PROVIDER_PATHS"
100-->[:react-native-image-picker] AndroidManifest.xml:16:17-67
101                android:resource="@xml/share_download_paths" />
101-->[:react-native-image-picker] AndroidManifest.xml:17:17-55
102        </provider>
103        <provider
103-->[:react-native-webview] AndroidManifest.xml:12:9-20:20
104            android:name="com.reactnativecommunity.webview.RNCWebViewFileProvider"
104-->[:react-native-webview] AndroidManifest.xml:13:13-83
105            android:authorities="com.voozoo.fileprovider"
105-->[:react-native-webview] AndroidManifest.xml:14:13-64
106            android:exported="false"
106-->[:react-native-webview] AndroidManifest.xml:15:13-37
107            android:grantUriPermissions="true" >
107-->[:react-native-webview] AndroidManifest.xml:16:13-47
108            <meta-data
108-->[:react-native-image-picker] AndroidManifest.xml:15:13-17:58
109                android:name="android.support.FILE_PROVIDER_PATHS"
109-->[:react-native-image-picker] AndroidManifest.xml:16:17-67
110                android:resource="@xml/file_provider_paths" />
110-->[:react-native-image-picker] AndroidManifest.xml:17:17-55
111        </provider>
112        <!--
113             FirebaseMessagingService performs security checks at runtime,
114             but set to not exported to explicitly avoid allowing another app to call it.
115        -->
116        <service
116-->[com.google.firebase:firebase-messaging:20.3.0] AndroidManifest.xml:28:9-35:19
117            android:name="com.google.firebase.messaging.FirebaseMessagingService"
117-->[com.google.firebase:firebase-messaging:20.3.0] AndroidManifest.xml:29:13-82
118            android:directBootAware="true"
118-->[com.google.firebase:firebase-messaging:20.3.0] AndroidManifest.xml:30:13-43
119            android:exported="false" >
119-->[com.google.firebase:firebase-messaging:20.3.0] AndroidManifest.xml:31:13-37
120            <intent-filter android:priority="-500" >
120-->[com.google.firebase:firebase-messaging:20.3.0] AndroidManifest.xml:32:13-34:29
120-->[com.google.firebase:firebase-messaging:20.3.0] AndroidManifest.xml:32:28-51
121                <action android:name="com.google.firebase.MESSAGING_EVENT" />
121-->[com.google.firebase:firebase-messaging:20.3.0] AndroidManifest.xml:33:17-78
121-->[com.google.firebase:firebase-messaging:20.3.0] AndroidManifest.xml:33:25-75
122            </intent-filter>
123        </service>
124        <service
124-->[com.google.android.datatransport:transport-backend-cct:2.2.0] AndroidManifest.xml:29:9-35:19
125            android:name="com.google.android.datatransport.runtime.backends.TransportBackendDiscovery"
125-->[com.google.android.datatransport:transport-backend-cct:2.2.0] AndroidManifest.xml:30:13-103
126            android:exported="false" >
126-->[com.google.android.datatransport:transport-backend-cct:2.2.0] AndroidManifest.xml:31:13-37
127            <meta-data
127-->[com.google.android.datatransport:transport-backend-cct:2.2.0] AndroidManifest.xml:32:13-34:39
128                android:name="backend:com.google.android.datatransport.cct.CctBackendFactory"
128-->[com.google.android.datatransport:transport-backend-cct:2.2.0] AndroidManifest.xml:33:17-94
129                android:value="cct" />
129-->[com.google.android.datatransport:transport-backend-cct:2.2.0] AndroidManifest.xml:34:17-36
130        </service>
131        <service
131-->[com.google.android.datatransport:transport-runtime:2.2.0] AndroidManifest.xml:26:9-30:19
132            android:name="com.google.android.datatransport.runtime.scheduling.jobscheduling.JobInfoSchedulerService"
132-->[com.google.android.datatransport:transport-runtime:2.2.0] AndroidManifest.xml:27:13-117
133            android:exported="false"
133-->[com.google.android.datatransport:transport-runtime:2.2.0] AndroidManifest.xml:28:13-37
134            android:permission="android.permission.BIND_JOB_SERVICE" >
134-->[com.google.android.datatransport:transport-runtime:2.2.0] AndroidManifest.xml:29:13-69
135        </service>
136
137        <receiver
137-->[com.google.android.datatransport:transport-runtime:2.2.0] AndroidManifest.xml:32:9-34:40
138            android:name="com.google.android.datatransport.runtime.scheduling.jobscheduling.AlarmManagerSchedulerBroadcastReceiver"
138-->[com.google.android.datatransport:transport-runtime:2.2.0] AndroidManifest.xml:33:13-132
139            android:exported="false" />
139-->[com.google.android.datatransport:transport-runtime:2.2.0] AndroidManifest.xml:34:13-37
140
141        <activity
141-->[com.google.android.gms:play-services-auth:18.1.0] AndroidManifest.xml:23:9-27:75
142            android:name="com.google.android.gms.auth.api.signin.internal.SignInHubActivity"
142-->[com.google.android.gms:play-services-auth:18.1.0] AndroidManifest.xml:24:13-93
143            android:excludeFromRecents="true"
143-->[com.google.android.gms:play-services-auth:18.1.0] AndroidManifest.xml:25:13-46
144            android:exported="false"
144-->[com.google.android.gms:play-services-auth:18.1.0] AndroidManifest.xml:26:13-37
145            android:theme="@android:style/Theme.Translucent.NoTitleBar" />
145-->[com.google.android.gms:play-services-auth:18.1.0] AndroidManifest.xml:27:13-72
146        <!--
147            Service handling Google Sign-In user revocation. For apps that do not integrate with
148            Google Sign-In, this service will never be started.
149        -->
150        <service
150-->[com.google.android.gms:play-services-auth:18.1.0] AndroidManifest.xml:33:9-37:51
151            android:name="com.google.android.gms.auth.api.signin.RevocationBoundService"
151-->[com.google.android.gms:play-services-auth:18.1.0] AndroidManifest.xml:34:13-89
152            android:exported="true"
152-->[com.google.android.gms:play-services-auth:18.1.0] AndroidManifest.xml:35:13-36
153            android:permission="com.google.android.gms.auth.api.signin.permission.REVOCATION_NOTIFICATION"
153-->[com.google.android.gms:play-services-auth:18.1.0] AndroidManifest.xml:36:13-107
154            android:visibleToInstantApps="true" />
154-->[com.google.android.gms:play-services-auth:18.1.0] AndroidManifest.xml:37:13-48
155
156        <receiver
156-->[com.google.firebase:firebase-iid:20.3.0] AndroidManifest.xml:37:9-44:20
157            android:name="com.google.firebase.iid.FirebaseInstanceIdReceiver"
157-->[com.google.firebase:firebase-iid:20.3.0] AndroidManifest.xml:38:13-78
158            android:exported="true"
158-->[com.google.firebase:firebase-iid:20.3.0] AndroidManifest.xml:39:13-36
159            android:permission="com.google.android.c2dm.permission.SEND" >
159-->[com.google.firebase:firebase-iid:20.3.0] AndroidManifest.xml:40:13-73
160            <intent-filter>
160-->[com.google.firebase:firebase-iid:20.3.0] AndroidManifest.xml:41:13-43:29
161                <action android:name="com.google.android.c2dm.intent.RECEIVE" />
161-->[com.google.firebase:firebase-iid:20.3.0] AndroidManifest.xml:42:17-81
161-->[com.google.firebase:firebase-iid:20.3.0] AndroidManifest.xml:42:25-78
162            </intent-filter>
163        </receiver>
164
165        <activity
165-->[com.google.android.gms:play-services-base:17.1.0] AndroidManifest.xml:23:9-26:75
166            android:name="com.google.android.gms.common.api.GoogleApiActivity"
166-->[com.google.android.gms:play-services-base:17.1.0] AndroidManifest.xml:24:13-79
167            android:exported="false"
167-->[com.google.android.gms:play-services-base:17.1.0] AndroidManifest.xml:25:13-37
168            android:theme="@android:style/Theme.Translucent.NoTitleBar" />
168-->[com.google.android.gms:play-services-base:17.1.0] AndroidManifest.xml:26:13-72
169
170        <provider
170-->[com.google.firebase:firebase-common:19.3.0] AndroidManifest.xml:26:9-30:39
171            android:name="com.google.firebase.provider.FirebaseInitProvider"
171-->[com.google.firebase:firebase-common:19.3.0] AndroidManifest.xml:27:13-77
172            android:authorities="com.voozoo.firebaseinitprovider"
172-->[com.google.firebase:firebase-common:19.3.0] AndroidManifest.xml:28:13-72
173            android:exported="false"
173-->[com.google.firebase:firebase-common:19.3.0] AndroidManifest.xml:29:13-37
174            android:initOrder="100" />
174-->[com.google.firebase:firebase-common:19.3.0] AndroidManifest.xml:30:13-36
175
176        <meta-data
176-->[com.google.android.gms:play-services-basement:17.1.1] AndroidManifest.xml:23:9-25:69
177            android:name="com.google.android.gms.version"
177-->[com.google.android.gms:play-services-basement:17.1.1] AndroidManifest.xml:24:13-58
178            android:value="@integer/google_play_services_version" />
178-->[com.google.android.gms:play-services-basement:17.1.1] AndroidManifest.xml:25:13-66
179    </application>
180
181</manifest>